<?xml version="1.0" encoding="UTF-8"?>
<testsuite name="dataClassesTest.LectureTest" tests="4" skipped="0" failures="0" errors="0" timestamp="2021-05-06T14:31:54" hostname="DESKTOP-5QF4TQS" time="0.003">
  <properties/>
  <testcase name="testLectureIsBeforeNow()" classname="dataClassesTest.LectureTest" time="0.002"/>
  <testcase name="testLectureListTypes()" classname="dataClassesTest.LectureTest" time="0.0"/>
  <testcase name="testLectureIsAfterNow()" classname="dataClassesTest.LectureTest" time="0.0"/>
  <testcase name="testLectureAttendanceValuesMatch()" classname="dataClassesTest.LectureTest" time="0.0"/>
  <system-out><![CDATA[]]></system-out>
  <system-err><![CDATA[]]></system-err>
</testsuite>
