<?xml version="1.0" encoding="UTF-8"?>
<testsuite name="requestObjectsTests.LecturePutRequestTest" tests="1" skipped="0" failures="0" errors="0" timestamp="2021-05-06T14:31:54" hostname="DESKTOP-5QF4TQS" time="0.047">
  <properties/>
  <testcase name="testToLectureObject()" classname="requestObjectsTests.LecturePutRequestTest" time="0.047"/>
  <system-out><![CDATA[2021-05-06 15:31:54.148 [Test worker] DEBUG i.m.i.i.JvmStaticMockFactory - Creating object mockk for ModuleDaoUtils
2021-05-06 15:31:54.148 [Test worker] TRACE i.m.i.i.JvmStaticMockFactory - Building object proxy for ModuleDaoUtils hashcode=10ab10cf
2021-05-06 15:31:54.148 [Test worker] TRACE i.m.p.j.t.JvmInlineInstrumentation - Retransforming [Ljava.lang.Class;@30c7d5f7
2021-05-06 15:31:54.179 [Test worker] TRACE io.mockk.proxy.jvm.ProxyMaker - Taking instance of class daoUtils.ModuleDaoUtils itself because it is final.
2021-05-06 15:31:54.180 [Test worker] TRACE io.mockk.proxy.jvm.ProxyMaker - Attaching to object mock for class daoUtils.ModuleDaoUtils
2021-05-06 15:31:54.180 [Test worker] DEBUG io.mockk.impl.stub.CommonClearer - Clearing [ModuleDaoUtils(object ModuleDaoUtils)] mocks ClearOptions(answers=true, recordedCalls=true, childMocks=true, verificationMarks=true, exclusionRules=true)
2021-05-06 15:31:54.183 [Test worker] TRACE i.m.i.recording.CommonCallRecorder - Starting stubbing
2021-05-06 15:31:54.188 [Test worker] TRACE i.m.i.r.SignatureMatcherDetector - Matcher map: {[44adfe7d075998b8]=any()}
2021-05-06 15:31:54.188 [Test worker] TRACE i.m.i.r.SignatureMatcherDetector - Processing call #0: getExpectedAttendanceNumber(String)
2021-05-06 15:31:54.188 [Test worker] TRACE i.m.i.r.SignatureMatcherDetector - Signature for 0 argument of getExpectedAttendanceNumber(String): [44adfe7d075998b8]
2021-05-06 15:31:54.189 [Test worker] TRACE i.m.i.r.SignatureMatcherDetector - Built matcher: ModuleDaoUtils(object ModuleDaoUtils).getExpectedAttendanceNumber(any()))
2021-05-06 15:31:54.190 [Test worker] TRACE i.m.impl.recording.PermanentMocker - Mocked permanently: ModuleDaoUtils(object ModuleDaoUtils).getExpectedAttendanceNumber(any())
2021-05-06 15:31:54.190 [Test worker] TRACE i.m.i.r.s.StubbingAwaitingAnswerState - Done stubbing. Still accepting additional answers
2021-05-06 15:31:54.191 [Test worker] TRACE i.m.i.recording.CommonCallRecorder - Starting stubbing
2021-05-06 15:31:54.191 [Test worker] TRACE i.m.i.r.SignatureMatcherDetector - Matcher map: {[7eb1ab944544deb1]=any()}
2021-05-06 15:31:54.191 [Test worker] TRACE i.m.i.r.SignatureMatcherDetector - Processing call #0: getExpectedAttendance(String)
2021-05-06 15:31:54.191 [Test worker] TRACE i.m.i.r.SignatureMatcherDetector - Signature for 0 argument of getExpectedAttendance(String): [7eb1ab944544deb1]
2021-05-06 15:31:54.192 [Test worker] TRACE i.m.i.r.SignatureMatcherDetector - Built matcher: ModuleDaoUtils(object ModuleDaoUtils).getExpectedAttendance(any()))
2021-05-06 15:31:54.192 [Test worker] TRACE i.m.impl.recording.PermanentMocker - Mocked permanently: ModuleDaoUtils(object ModuleDaoUtils).getExpectedAttendance(any())
2021-05-06 15:31:54.192 [Test worker] TRACE i.m.i.r.s.StubbingAwaitingAnswerState - Done stubbing. Still accepting additional answers
2021-05-06 15:31:54.194 [Test worker] DEBUG i.m.i.r.states.AnsweringState - Answering 4 on ModuleDaoUtils(object ModuleDaoUtils).getExpectedAttendanceNumber(CA4004)
2021-05-06 15:31:54.194 [Test worker] DEBUG i.m.i.r.states.AnsweringState - Answering [11231231, 21231232, 31231233, 41231234] on ModuleDaoUtils(object ModuleDaoUtils).getExpectedAttendance(CA4004)
]]></system-out>
  <system-err><![CDATA[]]></system-err>
</testsuite>
