<?xml version="1.0" encoding="UTF-8"?>
<testsuite name="requestObjectsTests.ModuleRequestTest" tests="1" skipped="0" failures="0" errors="0" timestamp="2021-05-06T14:31:54" hostname="DESKTOP-5QF4TQS" time="0.005">
  <properties/>
  <testcase name="testToModuleObject()" classname="requestObjectsTests.ModuleRequestTest" time="0.005"/>
  <system-out><![CDATA[2021-05-06 15:31:54.506 [Test worker] DEBUG i.m.i.r.states.AnsweringState - Answering <error "io.mockk.MockKException: No other calls allowed in stdObjectAnswer than equals/hashCode/toString"> on class java.util.UUID.randomUUID()
2021-05-06 15:31:54.508 [Test worker] TRACE i.m.i.recording.CommonCallRecorder - Starting stubbing
2021-05-06 15:31:54.508 [Test worker] TRACE i.m.i.i.AbstractMockFactory - Building proxy for UUID hashcode=25f30f35
2021-05-06 15:31:54.508 [Test worker] TRACE io.mockk.proxy.jvm.ProxyMaker - Taking instance of class java.util.UUID itself because it is final.
2021-05-06 15:31:54.508 [Test worker] TRACE io.mockk.proxy.jvm.ProxyMaker - Instantiating proxy for class java.util.UUID via instantiator
2021-05-06 15:31:54.508 [Test worker] TRACE i.m.proxy.jvm.ObjenesisInstantiator - Creating new empty instance of class java.util.UUID
2021-05-06 15:31:54.509 [Test worker] TRACE i.m.i.r.SignatureMatcherDetector - Matcher map: {}
2021-05-06 15:31:54.509 [Test worker] TRACE i.m.i.r.SignatureMatcherDetector - Processing call #0: randomUUID()
2021-05-06 15:31:54.509 [Test worker] TRACE i.m.i.r.SignatureMatcherDetector - Built matcher: class java.util.UUID.randomUUID())
2021-05-06 15:31:54.509 [Test worker] TRACE i.m.impl.recording.PermanentMocker - Child search key: class java.util.UUID.randomUUID())
2021-05-06 15:31:54.509 [Test worker] DEBUG i.m.i.i.AbstractMockFactory - Creating mockk for UUID name=child of static UUID#7
2021-05-06 15:31:54.509 [Test worker] TRACE i.m.i.i.AbstractMockFactory - Building proxy for UUID hashcode=25f30f35
2021-05-06 15:31:54.509 [Test worker] TRACE io.mockk.proxy.jvm.ProxyMaker - Taking instance of class java.util.UUID itself because it is final.
2021-05-06 15:31:54.509 [Test worker] TRACE io.mockk.proxy.jvm.ProxyMaker - Instantiating proxy for class java.util.UUID via instantiator
2021-05-06 15:31:54.509 [Test worker] TRACE i.m.proxy.jvm.ObjenesisInstantiator - Creating new empty instance of class java.util.UUID
2021-05-06 15:31:54.509 [Test worker] TRACE i.m.impl.recording.PermanentMocker - Mocked permanently: class java.util.UUID.randomUUID()
2021-05-06 15:31:54.509 [Test worker] TRACE i.m.i.r.s.StubbingAwaitingAnswerState - Done stubbing. Still accepting additional answers
2021-05-06 15:31:54.511 [Test worker] DEBUG i.m.i.r.states.AnsweringState - Answering <error "io.mockk.MockKException: No other calls allowed in stdObjectAnswer than equals/hashCode/toString"> on class java.util.UUID.randomUUID()
]]></system-out>
  <system-err><![CDATA[]]></system-err>
</testsuite>
