<?xml version="1.0" encoding="UTF-8"?>
<testsuite name="daoTests.LectureDaoTest" tests="8" skipped="0" failures="0" errors="0" timestamp="2021-05-06T14:31:48" hostname="DESKTOP-5QF4TQS" time="1.797">
  <properties/>
  <testcase name="Create a lecture, get it and del it()" classname="daoTests.LectureDaoTest" time="0.26"/>
  <testcase name="Create a lecture, updated attendance, get it and del it()" classname="daoTests.LectureDaoTest" time="0.179"/>
  <testcase name="Create two lectures, get all and del them()" classname="daoTests.LectureDaoTest" time="0.207"/>
  <testcase name="Create two lectures, get lectures at location and del them()" classname="daoTests.LectureDaoTest" time="0.201"/>
  <testcase name="Create two lectures, get all module &amp; course lectures and del them()" classname="daoTests.LectureDaoTest" time="0.233"/>
  <testcase name="Create two lectures, get lectures at location now and del them()" classname="daoTests.LectureDaoTest" time="0.289"/>
  <testcase name="Create a lecture, updated it, get it and del it()" classname="daoTests.LectureDaoTest" time="0.172"/>
  <testcase name="Create two lectures, get next lecture for course and del them()" classname="daoTests.LectureDaoTest" time="0.254"/>
  <system-out><![CDATA[2021-05-06 15:31:46.860 [Test worker] TRACE io.mockk.impl.JvmMockKGateway - Starting JVM MockK implementation. Java version = 1.8.0_292. 
2021-05-06 15:31:46.917 [Test worker] TRACE i.m.proxy.jvm.JvmMockKAgentFactory - Byte buddy agent installed
2021-05-06 15:31:46.955 [Test worker] TRACE i.m.p.jvm.dispatcher.BootJarLoader - Bootstrap class loaded io.mockk.proxy.jvm.dispatcher.JvmMockKDispatcher
2021-05-06 15:31:46.955 [Test worker] TRACE i.m.p.jvm.dispatcher.BootJarLoader - Bootstrap class loaded io.mockk.proxy.jvm.dispatcher.JvmMockKWeakMap
2021-05-06 15:31:46.955 [Test worker] TRACE i.m.p.jvm.dispatcher.BootJarLoader - Bootstrap class loaded io.mockk.proxy.jvm.dispatcher.JvmMockKWeakMap$StrongKey
2021-05-06 15:31:46.955 [Test worker] TRACE i.m.p.jvm.dispatcher.BootJarLoader - Bootstrap class loaded io.mockk.proxy.jvm.dispatcher.JvmMockKWeakMap$WeakKey
2021-05-06 15:31:47.045 [Test worker] TRACE i.m.i.instantiation.JvmInstantiator - Building empty instance void
2021-05-06 15:31:47.045 [Test worker] TRACE i.m.proxy.jvm.ObjenesisInstantiator - Creating new empty instance of class java.lang.Void
2021-05-06 15:31:47.135 [Test worker] DEBUG i.m.i.i.JvmStaticMockFactory - Creating object mockk for ModuleDaoUtils
2021-05-06 15:31:47.141 [Test worker] TRACE i.m.i.i.JvmStaticMockFactory - Building object proxy for ModuleDaoUtils hashcode=10ab10cf
2021-05-06 15:31:47.148 [Test worker] TRACE i.m.p.j.t.JvmInlineInstrumentation - Retransforming [Ljava.lang.Class;@4df8eaae
2021-05-06 15:31:47.455 [Test worker] TRACE io.mockk.proxy.jvm.ProxyMaker - Taking instance of class daoUtils.ModuleDaoUtils itself because it is final.
2021-05-06 15:31:47.456 [Test worker] TRACE io.mockk.proxy.jvm.ProxyMaker - Attaching to object mock for class daoUtils.ModuleDaoUtils
2021-05-06 15:31:48.196 [Test worker] DEBUG io.mockk.impl.stub.CommonClearer - Clearing [ModuleDaoUtils(object ModuleDaoUtils)] mocks ClearOptions(answers=true, recordedCalls=true, childMocks=true, verificationMarks=true, exclusionRules=true)
2021-05-06 15:31:48.209 [Test worker] TRACE i.m.i.recording.CommonCallRecorder - Starting stubbing
2021-05-06 15:31:48.314 [Test worker] TRACE i.m.i.r.SignatureMatcherDetector - Matcher map: {}
2021-05-06 15:31:48.316 [Test worker] TRACE i.m.i.r.SignatureMatcherDetector - Processing call #0: getExpectedAttendance(String)
2021-05-06 15:31:48.322 [Test worker] TRACE i.m.i.r.SignatureMatcherDetector - Signature for 0 argument of getExpectedAttendance(String): [CA4004]
2021-05-06 15:31:48.327 [Test worker] TRACE i.m.i.r.SignatureMatcherDetector - Built matcher: ModuleDaoUtils(object ModuleDaoUtils).getExpectedAttendance(eq(CA4004)))
2021-05-06 15:31:48.337 [Test worker] TRACE i.m.impl.recording.PermanentMocker - Mocked permanently: ModuleDaoUtils(object ModuleDaoUtils).getExpectedAttendance(eq(CA4004))
2021-05-06 15:31:48.343 [Test worker] TRACE i.m.i.r.s.StubbingAwaitingAnswerState - Done stubbing. Still accepting additional answers
2021-05-06 15:31:48.346 [Test worker] TRACE i.m.i.recording.CommonCallRecorder - Starting stubbing
2021-05-06 15:31:48.347 [Test worker] TRACE i.m.i.r.SignatureMatcherDetector - Matcher map: {}
2021-05-06 15:31:48.347 [Test worker] TRACE i.m.i.r.SignatureMatcherDetector - Processing call #0: getExpectedAttendance(String)
2021-05-06 15:31:48.347 [Test worker] TRACE i.m.i.r.SignatureMatcherDetector - Signature for 0 argument of getExpectedAttendance(String): [CA4003]
2021-05-06 15:31:48.347 [Test worker] TRACE i.m.i.r.SignatureMatcherDetector - Built matcher: ModuleDaoUtils(object ModuleDaoUtils).getExpectedAttendance(eq(CA4003)))
2021-05-06 15:31:48.348 [Test worker] TRACE i.m.impl.recording.PermanentMocker - Mocked permanently: ModuleDaoUtils(object ModuleDaoUtils).getExpectedAttendance(eq(CA4003))
2021-05-06 15:31:48.348 [Test worker] TRACE i.m.i.r.s.StubbingAwaitingAnswerState - Done stubbing. Still accepting additional answers
2021-05-06 15:31:48.367 [Test worker] DEBUG i.m.i.r.states.AnsweringState - Answering [12345678, 12312312, 32132132, 87654321] on ModuleDaoUtils(object ModuleDaoUtils).getExpectedAttendance(CA4004)
DEBUG:12345678, 12312312, 32132132, 876543212021-05-06 15:31:48.453 [Test worker] DEBUG Exposed - INSERT INTO lecture (actual_attendance, actual_attendance_number, course_code, "date", end_time, expected_attendance, expected_attendance_number, "location", module_code, "type", uuid) VALUES ('', 0, 'CASE4', '2021-02-01 12:00:00.000000', '2021-02-01 13:30:00.000000', '12345678, 12312312, 32132132, 87654321', 4, 'GLA.L101', 'CA4004', 'lab', '464737f3-336f-437e-954a-8e404e4a0bb6')
2021-05-06 15:31:48.528 [Test worker] DEBUG Exposed - SELECT lecture.uuid, lecture.course_code, lecture.module_code, lecture."date", lecture.end_time, lecture."location", lecture."type", lecture.expected_attendance_number, lecture.actual_attendance_number, lecture.expected_attendance, lecture.actual_attendance FROM lecture WHERE lecture.uuid = '464737f3-336f-437e-954a-8e404e4a0bb6'
2021-05-06 15:31:48.571 [Test worker] DEBUG Exposed - DELETE FROM lecture WHERE lecture.uuid = '464737f3-336f-437e-954a-8e404e4a0bb6'
2021-05-06 15:31:48.602 [Test worker] DEBUG Exposed - SELECT lecture.uuid, lecture.course_code, lecture.module_code, lecture."date", lecture.end_time, lecture."location", lecture."type", lecture.expected_attendance_number, lecture.actual_attendance_number, lecture.expected_attendance, lecture.actual_attendance FROM lecture WHERE lecture.uuid = '464737f3-336f-437e-954a-8e404e4a0bb6'
2021-05-06 15:31:48.615 [Test worker] DEBUG i.m.i.r.states.AnsweringState - Answering [12345678, 12312312, 32132132, 87654321] on ModuleDaoUtils(object ModuleDaoUtils).getExpectedAttendance(CA4004)
DEBUG:12345678, 12312312, 32132132, 876543212021-05-06 15:31:48.644 [Test worker] DEBUG Exposed - INSERT INTO lecture (actual_attendance, actual_attendance_number, course_code, "date", end_time, expected_attendance, expected_attendance_number, "location", module_code, "type", uuid) VALUES ('', 0, 'CASE4', '2021-02-01 12:00:00.000000', '2021-02-01 13:30:00.000000', '12345678, 12312312, 32132132, 87654321', 4, 'GLA.L101', 'CA4004', 'lab', '464737f3-336f-437e-954a-8e404e4a0bb6')
2021-05-06 15:31:48.673 [Test worker] DEBUG Exposed - SELECT lecture.uuid, lecture.course_code, lecture.module_code, lecture."date", lecture.end_time, lecture."location", lecture."type", lecture.expected_attendance_number, lecture.actual_attendance_number, lecture.expected_attendance, lecture.actual_attendance FROM lecture WHERE lecture.uuid = '464737f3-336f-437e-954a-8e404e4a0bb6'
DEBUG:12345678, 12312312, 32132132, 876543212021-05-06 15:31:48.706 [Test worker] DEBUG Exposed - UPDATE lecture SET actual_attendance_number=4, actual_attendance='12345678, 12312312, 32132132, 87654321' WHERE lecture.uuid = '464737f3-336f-437e-954a-8e404e4a0bb6'
2021-05-06 15:31:48.735 [Test worker] DEBUG Exposed - SELECT lecture.uuid, lecture.course_code, lecture.module_code, lecture."date", lecture.end_time, lecture."location", lecture."type", lecture.expected_attendance_number, lecture.actual_attendance_number, lecture.expected_attendance, lecture.actual_attendance FROM lecture WHERE lecture.uuid = '464737f3-336f-437e-954a-8e404e4a0bb6'
2021-05-06 15:31:48.763 [Test worker] DEBUG Exposed - DELETE FROM lecture WHERE lecture.uuid = '464737f3-336f-437e-954a-8e404e4a0bb6'
2021-05-06 15:31:48.792 [Test worker] DEBUG Exposed - SELECT lecture.uuid, lecture.course_code, lecture.module_code, lecture."date", lecture.end_time, lecture."location", lecture."type", lecture.expected_attendance_number, lecture.actual_attendance_number, lecture.expected_attendance, lecture.actual_attendance FROM lecture WHERE lecture.uuid = '464737f3-336f-437e-954a-8e404e4a0bb6'
2021-05-06 15:31:48.794 [Test worker] DEBUG i.m.i.r.states.AnsweringState - Answering [12345678, 12312312, 32132132, 87654321] on ModuleDaoUtils(object ModuleDaoUtils).getExpectedAttendance(CA4004)
DEBUG:12345678, 12312312, 32132132, 876543212021-05-06 15:31:48.822 [Test worker] DEBUG Exposed - INSERT INTO lecture (actual_attendance, actual_attendance_number, course_code, "date", end_time, expected_attendance, expected_attendance_number, "location", module_code, "type", uuid) VALUES ('', 0, 'CASE4', '2021-02-01 12:00:00.000000', '2021-02-01 13:30:00.000000', '12345678, 12312312, 32132132, 87654321', 4, 'GLA.L101', 'CA4004', 'lab', '464737f3-336f-437e-954a-8e404e4a0bb6')
2021-05-06 15:31:48.824 [Test worker] DEBUG i.m.i.r.states.AnsweringState - Answering [12345678, 12312312, 32132132, 87654321] on ModuleDaoUtils(object ModuleDaoUtils).getExpectedAttendance(CA4003)
DEBUG:12345678, 12312312, 32132132, 876543212021-05-06 15:31:48.852 [Test worker] DEBUG Exposed - INSERT INTO lecture (actual_attendance, actual_attendance_number, course_code, "date", end_time, expected_attendance, expected_attendance_number, "location", module_code, "type", uuid) VALUES ('', 0, 'CASE4', '2025-02-01 12:00:00.000000', '2025-02-01 13:30:00.000000', '12345678, 12312312, 32132132, 87654321', 4, 'GLA.L102', 'CA4003', 'lab', '6462ab25-81da-4d65-9fe8-090f623d544d')
2021-05-06 15:31:48.882 [Test worker] DEBUG Exposed - SELECT lecture.uuid, lecture.course_code, lecture.module_code, lecture."date", lecture.end_time, lecture."location", lecture."type", lecture.expected_attendance_number, lecture.actual_attendance_number, lecture.expected_attendance, lecture.actual_attendance FROM lecture
2021-05-06 15:31:48.911 [Test worker] DEBUG Exposed - DELETE FROM lecture WHERE lecture.uuid = '464737f3-336f-437e-954a-8e404e4a0bb6'
2021-05-06 15:31:48.940 [Test worker] DEBUG Exposed - SELECT lecture.uuid, lecture.course_code, lecture.module_code, lecture."date", lecture.end_time, lecture."location", lecture."type", lecture.expected_attendance_number, lecture.actual_attendance_number, lecture.expected_attendance, lecture.actual_attendance FROM lecture WHERE lecture.uuid = '464737f3-336f-437e-954a-8e404e4a0bb6'
2021-05-06 15:31:48.969 [Test worker] DEBUG Exposed - DELETE FROM lecture WHERE lecture.uuid = '6462ab25-81da-4d65-9fe8-090f623d544d'
2021-05-06 15:31:48.999 [Test worker] DEBUG Exposed - SELECT lecture.uuid, lecture.course_code, lecture.module_code, lecture."date", lecture.end_time, lecture."location", lecture."type", lecture.expected_attendance_number, lecture.actual_attendance_number, lecture.expected_attendance, lecture.actual_attendance FROM lecture WHERE lecture.uuid = '6462ab25-81da-4d65-9fe8-090f623d544d'
2021-05-06 15:31:49.001 [Test worker] DEBUG i.m.i.r.states.AnsweringState - Answering [12345678, 12312312, 32132132, 87654321] on ModuleDaoUtils(object ModuleDaoUtils).getExpectedAttendance(CA4004)
DEBUG:12345678, 12312312, 32132132, 876543212021-05-06 15:31:49.029 [Test worker] DEBUG Exposed - INSERT INTO lecture (actual_attendance, actual_attendance_number, course_code, "date", end_time, expected_attendance, expected_attendance_number, "location", module_code, "type", uuid) VALUES ('', 0, 'CASE4', '2021-02-01 12:00:00.000000', '2021-02-01 13:30:00.000000', '12345678, 12312312, 32132132, 87654321', 4, 'GLA.L101', 'CA4004', 'lab', '464737f3-336f-437e-954a-8e404e4a0bb6')
2021-05-06 15:31:49.032 [Test worker] DEBUG i.m.i.r.states.AnsweringState - Answering [12345678, 12312312, 32132132, 87654321] on ModuleDaoUtils(object ModuleDaoUtils).getExpectedAttendance(CA4003)
DEBUG:12345678, 12312312, 32132132, 876543212021-05-06 15:31:49.060 [Test worker] DEBUG Exposed - INSERT INTO lecture (actual_attendance, actual_attendance_number, course_code, "date", end_time, expected_attendance, expected_attendance_number, "location", module_code, "type", uuid) VALUES ('', 0, 'CASE4', '2025-02-01 12:00:00.000000', '2025-02-01 13:30:00.000000', '12345678, 12312312, 32132132, 87654321', 4, 'GLA.L102', 'CA4003', 'lab', '6462ab25-81da-4d65-9fe8-090f623d544d')
2021-05-06 15:31:49.089 [Test worker] DEBUG Exposed - SELECT lecture.uuid, lecture.course_code, lecture.module_code, lecture."date", lecture.end_time, lecture."location", lecture."type", lecture.expected_attendance_number, lecture.actual_attendance_number, lecture.expected_attendance, lecture.actual_attendance FROM lecture WHERE lecture."location" = 'GLA.L101'
2021-05-06 15:31:49.118 [Test worker] DEBUG Exposed - DELETE FROM lecture WHERE lecture.uuid = '464737f3-336f-437e-954a-8e404e4a0bb6'
2021-05-06 15:31:49.147 [Test worker] DEBUG Exposed - SELECT lecture.uuid, lecture.course_code, lecture.module_code, lecture."date", lecture.end_time, lecture."location", lecture."type", lecture.expected_attendance_number, lecture.actual_attendance_number, lecture.expected_attendance, lecture.actual_attendance FROM lecture WHERE lecture.uuid = '464737f3-336f-437e-954a-8e404e4a0bb6'
2021-05-06 15:31:49.174 [Test worker] DEBUG Exposed - DELETE FROM lecture WHERE lecture.uuid = '6462ab25-81da-4d65-9fe8-090f623d544d'
2021-05-06 15:31:49.202 [Test worker] DEBUG Exposed - SELECT lecture.uuid, lecture.course_code, lecture.module_code, lecture."date", lecture.end_time, lecture."location", lecture."type", lecture.expected_attendance_number, lecture.actual_attendance_number, lecture.expected_attendance, lecture.actual_attendance FROM lecture WHERE lecture.uuid = '6462ab25-81da-4d65-9fe8-090f623d544d'
2021-05-06 15:31:49.204 [Test worker] DEBUG i.m.i.r.states.AnsweringState - Answering [12345678, 12312312, 32132132, 87654321] on ModuleDaoUtils(object ModuleDaoUtils).getExpectedAttendance(CA4004)
DEBUG:12345678, 12312312, 32132132, 876543212021-05-06 15:31:49.231 [Test worker] DEBUG Exposed - INSERT INTO lecture (actual_attendance, actual_attendance_number, course_code, "date", end_time, expected_attendance, expected_attendance_number, "location", module_code, "type", uuid) VALUES ('', 0, 'CASE4', '2021-02-01 12:00:00.000000', '2021-02-01 13:30:00.000000', '12345678, 12312312, 32132132, 87654321', 4, 'GLA.L101', 'CA4004', 'lab', '464737f3-336f-437e-954a-8e404e4a0bb6')
2021-05-06 15:31:49.233 [Test worker] DEBUG i.m.i.r.states.AnsweringState - Answering [12345678, 12312312, 32132132, 87654321] on ModuleDaoUtils(object ModuleDaoUtils).getExpectedAttendance(CA4003)
DEBUG:12345678, 12312312, 32132132, 876543212021-05-06 15:31:49.260 [Test worker] DEBUG Exposed - INSERT INTO lecture (actual_attendance, actual_attendance_number, course_code, "date", end_time, expected_attendance, expected_attendance_number, "location", module_code, "type", uuid) VALUES ('', 0, 'CASE4', '2025-02-01 12:00:00.000000', '2025-02-01 13:30:00.000000', '12345678, 12312312, 32132132, 87654321', 4, 'GLA.L102', 'CA4003', 'lab', '6462ab25-81da-4d65-9fe8-090f623d544d')
2021-05-06 15:31:49.289 [Test worker] DEBUG Exposed - SELECT lecture.uuid, lecture.course_code, lecture.module_code, lecture."date", lecture.end_time, lecture."location", lecture."type", lecture.expected_attendance_number, lecture.actual_attendance_number, lecture.expected_attendance, lecture.actual_attendance FROM lecture WHERE lecture.module_code = 'CA4004'
2021-05-06 15:31:49.319 [Test worker] DEBUG Exposed - SELECT lecture.uuid, lecture.course_code, lecture.module_code, lecture."date", lecture.end_time, lecture."location", lecture."type", lecture.expected_attendance_number, lecture.actual_attendance_number, lecture.expected_attendance, lecture.actual_attendance FROM lecture WHERE lecture.course_code = 'CASE4'
2021-05-06 15:31:49.348 [Test worker] DEBUG Exposed - DELETE FROM lecture WHERE lecture.uuid = '464737f3-336f-437e-954a-8e404e4a0bb6'
2021-05-06 15:31:49.378 [Test worker] DEBUG Exposed - SELECT lecture.uuid, lecture.course_code, lecture.module_code, lecture."date", lecture.end_time, lecture."location", lecture."type", lecture.expected_attendance_number, lecture.actual_attendance_number, lecture.expected_attendance, lecture.actual_attendance FROM lecture WHERE lecture.uuid = '464737f3-336f-437e-954a-8e404e4a0bb6'
2021-05-06 15:31:49.406 [Test worker] DEBUG Exposed - DELETE FROM lecture WHERE lecture.uuid = '6462ab25-81da-4d65-9fe8-090f623d544d'
2021-05-06 15:31:49.434 [Test worker] DEBUG Exposed - SELECT lecture.uuid, lecture.course_code, lecture.module_code, lecture."date", lecture.end_time, lecture."location", lecture."type", lecture.expected_attendance_number, lecture.actual_attendance_number, lecture.expected_attendance, lecture.actual_attendance FROM lecture WHERE lecture.uuid = '6462ab25-81da-4d65-9fe8-090f623d544d'
2021-05-06 15:31:49.436 [Test worker] DEBUG i.m.i.r.states.AnsweringState - Answering [12345678, 12312312, 32132132, 87654321] on ModuleDaoUtils(object ModuleDaoUtils).getExpectedAttendance(CA4004)
DEBUG:12345678, 12312312, 32132132, 876543212021-05-06 15:31:49.471 [Test worker] DEBUG Exposed - INSERT INTO lecture (actual_attendance, actual_attendance_number, course_code, "date", end_time, expected_attendance, expected_attendance_number, "location", module_code, "type", uuid) VALUES ('', 0, 'CASE4', '2021-05-06 15:31:46.301000', '2021-05-06 17:31:46.301000', '12345678, 12312312, 32132132, 87654321', 4, 'GLA.L101', 'CA4004', 'lab', '464737f3-336f-437e-954a-8e404e4a0bb6')
2021-05-06 15:31:49.472 [Test worker] DEBUG i.m.i.r.states.AnsweringState - Answering [12345678, 12312312, 32132132, 87654321] on ModuleDaoUtils(object ModuleDaoUtils).getExpectedAttendance(CA4004)
DEBUG:12345678, 12312312, 32132132, 876543212021-05-06 15:31:49.500 [Test worker] DEBUG Exposed - INSERT INTO lecture (actual_attendance, actual_attendance_number, course_code, "date", end_time, expected_attendance, expected_attendance_number, "location", module_code, "type", uuid) VALUES ('', 0, 'CASE4', '2021-07-06 15:31:46.301000', '2021-07-06 17:31:46.301000', '12345678, 12312312, 32132132, 87654321', 4, 'GLA.L101', 'CA4004', 'lab', '6462ab25-81da-4d65-9fe8-090f623d544d')
2021-05-06 15:31:49.501 [Test worker] DEBUG i.m.i.r.states.AnsweringState - Answering [12345678, 12312312, 32132132, 87654321] on ModuleDaoUtils(object ModuleDaoUtils).getExpectedAttendance(CA4004)
DEBUG:12345678, 12312312, 32132132, 876543212021-05-06 15:31:49.529 [Test worker] DEBUG Exposed - INSERT INTO lecture (actual_attendance, actual_attendance_number, course_code, "date", end_time, expected_attendance, expected_attendance_number, "location", module_code, "type", uuid) VALUES ('', 0, 'CASE4', '2021-03-06 15:31:46.301000', '2021-03-06 17:31:46.301000', '12345678, 12312312, 32132132, 87654321', 4, 'GLA.L101', 'CA4004', 'lab', '554aa8e5-fe96-4db5-a6ff-c17c1cfc3745')
2021-05-06 15:31:49.557 [Test worker] DEBUG Exposed - SELECT lecture.uuid, lecture.course_code, lecture.module_code, lecture."date", lecture.end_time, lecture."location", lecture."type", lecture.expected_attendance_number, lecture.actual_attendance_number, lecture.expected_attendance, lecture.actual_attendance FROM lecture WHERE lecture."location" = 'GLA.L101'
2021-05-06 15:31:49.587 [Test worker] DEBUG Exposed - DELETE FROM lecture WHERE lecture.uuid = '464737f3-336f-437e-954a-8e404e4a0bb6'
2021-05-06 15:31:49.614 [Test worker] DEBUG Exposed - SELECT lecture.uuid, lecture.course_code, lecture.module_code, lecture."date", lecture.end_time, lecture."location", lecture."type", lecture.expected_attendance_number, lecture.actual_attendance_number, lecture.expected_attendance, lecture.actual_attendance FROM lecture WHERE lecture.uuid = '464737f3-336f-437e-954a-8e404e4a0bb6'
2021-05-06 15:31:49.642 [Test worker] DEBUG Exposed - DELETE FROM lecture WHERE lecture.uuid = '6462ab25-81da-4d65-9fe8-090f623d544d'
2021-05-06 15:31:49.670 [Test worker] DEBUG Exposed - SELECT lecture.uuid, lecture.course_code, lecture.module_code, lecture."date", lecture.end_time, lecture."location", lecture."type", lecture.expected_attendance_number, lecture.actual_attendance_number, lecture.expected_attendance, lecture.actual_attendance FROM lecture WHERE lecture.uuid = '6462ab25-81da-4d65-9fe8-090f623d544d'
2021-05-06 15:31:49.697 [Test worker] DEBUG Exposed - DELETE FROM lecture WHERE lecture.uuid = '554aa8e5-fe96-4db5-a6ff-c17c1cfc3745'
2021-05-06 15:31:49.724 [Test worker] DEBUG Exposed - SELECT lecture.uuid, lecture.course_code, lecture.module_code, lecture."date", lecture.end_time, lecture."location", lecture."type", lecture.expected_attendance_number, lecture.actual_attendance_number, lecture.expected_attendance, lecture.actual_attendance FROM lecture WHERE lecture.uuid = '554aa8e5-fe96-4db5-a6ff-c17c1cfc3745'
2021-05-06 15:31:49.725 [Test worker] DEBUG i.m.i.r.states.AnsweringState - Answering [12345678, 12312312, 32132132, 87654321] on ModuleDaoUtils(object ModuleDaoUtils).getExpectedAttendance(CA4004)
DEBUG:12345678, 12312312, 32132132, 876543212021-05-06 15:31:49.753 [Test worker] DEBUG Exposed - INSERT INTO lecture (actual_attendance, actual_attendance_number, course_code, "date", end_time, expected_attendance, expected_attendance_number, "location", module_code, "type", uuid) VALUES ('', 0, 'CASE4', '2021-02-01 12:00:00.000000', '2021-02-01 13:30:00.000000', '12345678, 12312312, 32132132, 87654321', 4, 'GLA.L101', 'CA4004', 'lab', '464737f3-336f-437e-954a-8e404e4a0bb6')
2021-05-06 15:31:49.780 [Test worker] DEBUG Exposed - SELECT lecture.uuid, lecture.course_code, lecture.module_code, lecture."date", lecture.end_time, lecture."location", lecture."type", lecture.expected_attendance_number, lecture.actual_attendance_number, lecture.expected_attendance, lecture.actual_attendance FROM lecture WHERE lecture.uuid = '464737f3-336f-437e-954a-8e404e4a0bb6'
DEBUG:12345678, 12312312, 32132132, 87654321DEBUG:2021-05-06 15:31:49.811 [Test worker] DEBUG Exposed - UPDATE lecture SET course_code='CASE4', module_code='CA4005', "date"='2021-02-01 12:00:00.000000', end_time='2021-02-01 13:30:00.000000', "location"='GLA.L101', "type"='lab', expected_attendance_number=4, actual_attendance_number=0, expected_attendance='12345678, 12312312, 32132132, 87654321', actual_attendance='' WHERE lecture.uuid = '464737f3-336f-437e-954a-8e404e4a0bb6'
2021-05-06 15:31:49.838 [Test worker] DEBUG Exposed - SELECT lecture.uuid, lecture.course_code, lecture.module_code, lecture."date", lecture.end_time, lecture."location", lecture."type", lecture.expected_attendance_number, lecture.actual_attendance_number, lecture.expected_attendance, lecture.actual_attendance FROM lecture WHERE lecture.uuid = '464737f3-336f-437e-954a-8e404e4a0bb6'
2021-05-06 15:31:49.867 [Test worker] DEBUG Exposed - DELETE FROM lecture WHERE lecture.uuid = '464737f3-336f-437e-954a-8e404e4a0bb6'
2021-05-06 15:31:49.896 [Test worker] DEBUG Exposed - SELECT lecture.uuid, lecture.course_code, lecture.module_code, lecture."date", lecture.end_time, lecture."location", lecture."type", lecture.expected_attendance_number, lecture.actual_attendance_number, lecture.expected_attendance, lecture.actual_attendance FROM lecture WHERE lecture.uuid = '464737f3-336f-437e-954a-8e404e4a0bb6'
2021-05-06 15:31:49.898 [Test worker] DEBUG i.m.i.r.states.AnsweringState - Answering [12345678, 12312312, 32132132, 87654321] on ModuleDaoUtils(object ModuleDaoUtils).getExpectedAttendance(CA4004)
DEBUG:12345678, 12312312, 32132132, 876543212021-05-06 15:31:49.925 [Test worker] DEBUG Exposed - INSERT INTO lecture (actual_attendance, actual_attendance_number, course_code, "date", end_time, expected_attendance, expected_attendance_number, "location", module_code, "type", uuid) VALUES ('', 0, 'CASE4', '2021-02-01 12:00:00.000000', '2021-02-01 13:30:00.000000', '12345678, 12312312, 32132132, 87654321', 4, 'GLA.L101', 'CA4004', 'lab', '464737f3-336f-437e-954a-8e404e4a0bb6')
2021-05-06 15:31:49.926 [Test worker] DEBUG i.m.i.r.states.AnsweringState - Answering [12345678, 12312312, 32132132, 87654321] on ModuleDaoUtils(object ModuleDaoUtils).getExpectedAttendance(CA4003)
DEBUG:12345678, 12312312, 32132132, 876543212021-05-06 15:31:49.954 [Test worker] DEBUG Exposed - INSERT INTO lecture (actual_attendance, actual_attendance_number, course_code, "date", end_time, expected_attendance, expected_attendance_number, "location", module_code, "type", uuid) VALUES ('', 0, 'CASE4', '2025-02-01 12:00:00.000000', '2025-02-01 13:30:00.000000', '12345678, 12312312, 32132132, 87654321', 4, 'GLA.L102', 'CA4003', 'lab', '6462ab25-81da-4d65-9fe8-090f623d544d')
2021-05-06 15:31:49.984 [Test worker] DEBUG Exposed - SELECT lecture.uuid, lecture.course_code, lecture.module_code, lecture."date", lecture.end_time, lecture."location", lecture."type", lecture.expected_attendance_number, lecture.actual_attendance_number, lecture.expected_attendance, lecture.actual_attendance FROM lecture WHERE lecture.course_code = 'CASE4'
2021-05-06 15:31:50.012 [Test worker] DEBUG Exposed - SELECT lecture.uuid, lecture.course_code, lecture.module_code, lecture."date", lecture.end_time, lecture."location", lecture."type", lecture.expected_attendance_number, lecture.actual_attendance_number, lecture.expected_attendance, lecture.actual_attendance FROM lecture WHERE lecture.module_code = 'CA4004'
2021-05-06 15:31:50.040 [Test worker] DEBUG Exposed - SELECT lecture.uuid, lecture.course_code, lecture.module_code, lecture."date", lecture.end_time, lecture."location", lecture."type", lecture.expected_attendance_number, lecture.actual_attendance_number, lecture.expected_attendance, lecture.actual_attendance FROM lecture WHERE lecture.module_code = 'CA4003'
2021-05-06 15:31:50.067 [Test worker] DEBUG Exposed - DELETE FROM lecture WHERE lecture.uuid = '464737f3-336f-437e-954a-8e404e4a0bb6'
2021-05-06 15:31:50.095 [Test worker] DEBUG Exposed - SELECT lecture.uuid, lecture.course_code, lecture.module_code, lecture."date", lecture.end_time, lecture."location", lecture."type", lecture.expected_attendance_number, lecture.actual_attendance_number, lecture.expected_attendance, lecture.actual_attendance FROM lecture WHERE lecture.uuid = '464737f3-336f-437e-954a-8e404e4a0bb6'
2021-05-06 15:31:50.122 [Test worker] DEBUG Exposed - DELETE FROM lecture WHERE lecture.uuid = '6462ab25-81da-4d65-9fe8-090f623d544d'
2021-05-06 15:31:50.151 [Test worker] DEBUG Exposed - SELECT lecture.uuid, lecture.course_code, lecture.module_code, lecture."date", lecture.end_time, lecture."location", lecture."type", lecture.expected_attendance_number, lecture.actual_attendance_number, lecture.expected_attendance, lecture.actual_attendance FROM lecture WHERE lecture.uuid = '6462ab25-81da-4d65-9fe8-090f623d544d'
2021-05-06 15:31:50.156 [Test worker] DEBUG i.m.i.i.JvmStaticMockFactory - Disposing object mockk for ModuleDaoUtils hashcode=34dce9e8
2021-05-06 15:31:50.157 [Test worker] TRACE i.m.p.j.t.JvmInlineInstrumentation - Retransforming back [class daoUtils.ModuleDaoUtils, class java.lang.Object]
2021-05-06 15:31:50.157 [Test worker] TRACE i.m.p.j.t.JvmInlineInstrumentation - Retransforming [Ljava.lang.Class;@4e867582
]]></system-out>
  <system-err><![CDATA[]]></system-err>
</testsuite>
