<?xml version="1.0" encoding="UTF-8"?>
<testsuite name="daoTests.StudentUserDaoTest" tests="7" skipped="0" failures="0" errors="0" timestamp="2021-05-06T14:31:51" hostname="DESKTOP-5QF4TQS" time="1.522">
  <properties/>
  <testcase name="Create three users, get number of students in two modules()" classname="daoTests.StudentUserDaoTest" time="0.343"/>
  <testcase name="Create three users, get all students in two modules()" classname="daoTests.StudentUserDaoTest" time="0.43"/>
  <testcase name="Create user, add module to student()" classname="daoTests.StudentUserDaoTest" time="0.167"/>
  <testcase name="Create two users, get them and del them()" classname="daoTests.StudentUserDaoTest" time="0.192"/>
  <testcase name="Create a user, update it, get it and del it()" classname="daoTests.StudentUserDaoTest" time="0.17"/>
  <testcase name="Create a user, get it and del it()" classname="daoTests.StudentUserDaoTest" time="0.108"/>
  <testcase name="Create a user, get it by student id and del it()" classname="daoTests.StudentUserDaoTest" time="0.108"/>
  <system-out><![CDATA[DEBUG:CA4003, CA4004, CA4005, CA4007, CA4009, CA40122021-05-06 15:31:51.730 [Test worker] DEBUG Exposed - INSERT INTO studentusers (course_code, first_name, last_name, module_codes, student_id, uuid) VALUES ('CASE4', 'John', 'Test', 'CA4003, CA4004, CA4005, CA4007, CA4009, CA4012', '12345678', 'ee6ee294-b403-4f69-98af-6984705594ee')
DEBUG:CA3003, CA3004, CA3005, CA3007, CA3009, CA30122021-05-06 15:31:51.759 [Test worker] DEBUG Exposed - INSERT INTO studentusers (course_code, first_name, last_name, module_codes, student_id, uuid) VALUES ('CASE3', 'Tom', 'Test', 'CA3003, CA3004, CA3005, CA3007, CA3009, CA3012', '87654321', 'dd9dd294-b403-4f69-98af-6984705594ed')
DEBUG:CA3003, CA3004, CA3005, CA3007, CA3009, CA30122021-05-06 15:31:51.786 [Test worker] DEBUG Exposed - INSERT INTO studentusers (course_code, first_name, last_name, module_codes, student_id, uuid) VALUES ('CASE3', 'Tom', 'Test', 'CA3003, CA3004, CA3005, CA3007, CA3009, CA3012', '12312312', 'ab4ffe23-b403-4f69-98af-6984705594ed')
2021-05-06 15:31:51.815 [Test worker] DEBUG Exposed - SELECT studentusers.uuid, studentusers.first_name, studentusers.last_name, studentusers.student_id, studentusers.course_code, studentusers.module_codes FROM studentusers
2021-05-06 15:31:51.843 [Test worker] DEBUG Exposed - SELECT studentusers.uuid, studentusers.first_name, studentusers.last_name, studentusers.student_id, studentusers.course_code, studentusers.module_codes FROM studentusers
2021-05-06 15:31:51.872 [Test worker] DEBUG Exposed - SELECT studentusers.uuid, studentusers.first_name, studentusers.last_name, studentusers.student_id, studentusers.course_code, studentusers.module_codes FROM studentusers
2021-05-06 15:31:51.903 [Test worker] DEBUG Exposed - DELETE FROM studentusers WHERE studentusers.uuid = 'ee6ee294-b403-4f69-98af-6984705594ee'
2021-05-06 15:31:51.934 [Test worker] DEBUG Exposed - SELECT studentusers.uuid, studentusers.first_name, studentusers.last_name, studentusers.student_id, studentusers.course_code, studentusers.module_codes FROM studentusers WHERE studentusers.uuid = 'ee6ee294-b403-4f69-98af-6984705594ee'
2021-05-06 15:31:51.961 [Test worker] DEBUG Exposed - DELETE FROM studentusers WHERE studentusers.uuid = 'dd9dd294-b403-4f69-98af-6984705594ed'
2021-05-06 15:31:51.989 [Test worker] DEBUG Exposed - SELECT studentusers.uuid, studentusers.first_name, studentusers.last_name, studentusers.student_id, studentusers.course_code, studentusers.module_codes FROM studentusers WHERE studentusers.uuid = 'dd9dd294-b403-4f69-98af-6984705594ed'
2021-05-06 15:31:52.016 [Test worker] DEBUG Exposed - DELETE FROM studentusers WHERE studentusers.uuid = 'ab4ffe23-b403-4f69-98af-6984705594ed'
2021-05-06 15:31:52.044 [Test worker] DEBUG Exposed - SELECT studentusers.uuid, studentusers.first_name, studentusers.last_name, studentusers.student_id, studentusers.course_code, studentusers.module_codes FROM studentusers WHERE studentusers.uuid = 'ab4ffe23-b403-4f69-98af-6984705594ed'
DEBUG:CA4003, CA4004, CA4005, CA4007, CA4009, CA40122021-05-06 15:31:52.071 [Test worker] DEBUG Exposed - INSERT INTO studentusers (course_code, first_name, last_name, module_codes, student_id, uuid) VALUES ('CASE4', 'John', 'Test', 'CA4003, CA4004, CA4005, CA4007, CA4009, CA4012', '12345678', 'ee6ee294-b403-4f69-98af-6984705594ee')
DEBUG:CA3003, CA3004, CA3005, CA3007, CA3009, CA30122021-05-06 15:31:52.099 [Test worker] DEBUG Exposed - INSERT INTO studentusers (course_code, first_name, last_name, module_codes, student_id, uuid) VALUES ('CASE3', 'Tom', 'Test', 'CA3003, CA3004, CA3005, CA3007, CA3009, CA3012', '87654321', 'dd9dd294-b403-4f69-98af-6984705594ed')
DEBUG:CA3003, CA3004, CA3005, CA3007, CA3009, CA30122021-05-06 15:31:52.126 [Test worker] DEBUG Exposed - INSERT INTO studentusers (course_code, first_name, last_name, module_codes, student_id, uuid) VALUES ('CASE3', 'Tom', 'Test', 'CA3003, CA3004, CA3005, CA3007, CA3009, CA3012', '12312312', 'ab4ffe23-b403-4f69-98af-6984705594ed')
2021-05-06 15:31:52.154 [Test worker] DEBUG Exposed - SELECT studentusers.uuid, studentusers.first_name, studentusers.last_name, studentusers.student_id, studentusers.course_code, studentusers.module_codes FROM studentusers
2021-05-06 15:31:52.182 [Test worker] DEBUG Exposed - SELECT studentusers.uuid, studentusers.first_name, studentusers.last_name, studentusers.student_id, studentusers.course_code, studentusers.module_codes FROM studentusers
2021-05-06 15:31:52.208 [Test worker] DEBUG Exposed - SELECT studentusers.uuid, studentusers.first_name, studentusers.last_name, studentusers.student_id, studentusers.course_code, studentusers.module_codes FROM studentusers
2021-05-06 15:31:52.237 [Test worker] DEBUG Exposed - DELETE FROM studentusers WHERE studentusers.uuid = 'ee6ee294-b403-4f69-98af-6984705594ee'
2021-05-06 15:31:52.265 [Test worker] DEBUG Exposed - SELECT studentusers.uuid, studentusers.first_name, studentusers.last_name, studentusers.student_id, studentusers.course_code, studentusers.module_codes FROM studentusers WHERE studentusers.uuid = 'ee6ee294-b403-4f69-98af-6984705594ee'
2021-05-06 15:31:52.394 [Test worker] DEBUG Exposed - DELETE FROM studentusers WHERE studentusers.uuid = 'dd9dd294-b403-4f69-98af-6984705594ed'
2021-05-06 15:31:52.421 [Test worker] DEBUG Exposed - SELECT studentusers.uuid, studentusers.first_name, studentusers.last_name, studentusers.student_id, studentusers.course_code, studentusers.module_codes FROM studentusers WHERE studentusers.uuid = 'dd9dd294-b403-4f69-98af-6984705594ed'
2021-05-06 15:31:52.448 [Test worker] DEBUG Exposed - DELETE FROM studentusers WHERE studentusers.uuid = 'ab4ffe23-b403-4f69-98af-6984705594ed'
2021-05-06 15:31:52.476 [Test worker] DEBUG Exposed - SELECT studentusers.uuid, studentusers.first_name, studentusers.last_name, studentusers.student_id, studentusers.course_code, studentusers.module_codes FROM studentusers WHERE studentusers.uuid = 'ab4ffe23-b403-4f69-98af-6984705594ed'
DEBUG:CA4003, CA4004, CA4005, CA4007, CA4009, CA40122021-05-06 15:31:52.503 [Test worker] DEBUG Exposed - INSERT INTO studentusers (course_code, first_name, last_name, module_codes, student_id, uuid) VALUES ('CASE4', 'John', 'Test', 'CA4003, CA4004, CA4005, CA4007, CA4009, CA4012', '12345678', 'ee6ee294-b403-4f69-98af-6984705594ee')
2021-05-06 15:31:52.530 [Test worker] DEBUG Exposed - SELECT studentusers.uuid, studentusers.first_name, studentusers.last_name, studentusers.student_id, studentusers.course_code, studentusers.module_codes FROM studentusers WHERE studentusers.uuid = 'ee6ee294-b403-4f69-98af-6984705594ee'
2021-05-06 15:31:52.558 [Test worker] DEBUG Exposed - SELECT studentusers.uuid, studentusers.first_name, studentusers.last_name, studentusers.student_id, studentusers.course_code, studentusers.module_codes FROM studentusers WHERE studentusers.uuid = 'ee6ee294-b403-4f69-98af-6984705594ee'
DEBUG:CA4003, CA4004, CA4005, CA4007, CA4009, CA4012, TestModule2021-05-06 15:31:52.561 [Test worker] DEBUG Exposed - UPDATE studentusers SET module_codes='CA4003, CA4004, CA4005, CA4007, CA4009, CA4012, TestModule' WHERE studentusers.uuid = 'ee6ee294-b403-4f69-98af-6984705594ee'
2021-05-06 15:31:52.589 [Test worker] DEBUG Exposed - SELECT studentusers.uuid, studentusers.first_name, studentusers.last_name, studentusers.student_id, studentusers.course_code, studentusers.module_codes FROM studentusers WHERE studentusers.uuid = 'ee6ee294-b403-4f69-98af-6984705594ee'
2021-05-06 15:31:52.615 [Test worker] DEBUG Exposed - DELETE FROM studentusers WHERE studentusers.uuid = 'ee6ee294-b403-4f69-98af-6984705594ee'
2021-05-06 15:31:52.643 [Test worker] DEBUG Exposed - SELECT studentusers.uuid, studentusers.first_name, studentusers.last_name, studentusers.student_id, studentusers.course_code, studentusers.module_codes FROM studentusers WHERE studentusers.uuid = 'ee6ee294-b403-4f69-98af-6984705594ee'
DEBUG:CA4003, CA4004, CA4005, CA4007, CA4009, CA40122021-05-06 15:31:52.670 [Test worker] DEBUG Exposed - INSERT INTO studentusers (course_code, first_name, last_name, module_codes, student_id, uuid) VALUES ('CASE4', 'John', 'Test', 'CA4003, CA4004, CA4005, CA4007, CA4009, CA4012', '12345678', 'ee6ee294-b403-4f69-98af-6984705594ee')
DEBUG:CA3003, CA3004, CA3005, CA3007, CA3009, CA30122021-05-06 15:31:52.698 [Test worker] DEBUG Exposed - INSERT INTO studentusers (course_code, first_name, last_name, module_codes, student_id, uuid) VALUES ('CASE3', 'Tom', 'Test', 'CA3003, CA3004, CA3005, CA3007, CA3009, CA3012', '87654321', 'dd9dd294-b403-4f69-98af-6984705594ed')
2021-05-06 15:31:52.725 [Test worker] DEBUG Exposed - SELECT studentusers.uuid, studentusers.first_name, studentusers.last_name, studentusers.student_id, studentusers.course_code, studentusers.module_codes FROM studentusers
2021-05-06 15:31:52.752 [Test worker] DEBUG Exposed - DELETE FROM studentusers WHERE studentusers.uuid = 'ee6ee294-b403-4f69-98af-6984705594ee'
2021-05-06 15:31:52.780 [Test worker] DEBUG Exposed - SELECT studentusers.uuid, studentusers.first_name, studentusers.last_name, studentusers.student_id, studentusers.course_code, studentusers.module_codes FROM studentusers WHERE studentusers.uuid = 'ee6ee294-b403-4f69-98af-6984705594ee'
2021-05-06 15:31:52.807 [Test worker] DEBUG Exposed - DELETE FROM studentusers WHERE studentusers.uuid = 'dd9dd294-b403-4f69-98af-6984705594ed'
2021-05-06 15:31:52.835 [Test worker] DEBUG Exposed - SELECT studentusers.uuid, studentusers.first_name, studentusers.last_name, studentusers.student_id, studentusers.course_code, studentusers.module_codes FROM studentusers WHERE studentusers.uuid = 'dd9dd294-b403-4f69-98af-6984705594ed'
DEBUG:CA4003, CA4004, CA4005, CA4007, CA4009, CA40122021-05-06 15:31:52.865 [Test worker] DEBUG Exposed - INSERT INTO studentusers (course_code, first_name, last_name, module_codes, student_id, uuid) VALUES ('CASE4', 'John', 'Test', 'CA4003, CA4004, CA4005, CA4007, CA4009, CA4012', '12345678', 'ee6ee294-b403-4f69-98af-6984705594ee')
2021-05-06 15:31:52.894 [Test worker] DEBUG Exposed - SELECT studentusers.uuid, studentusers.first_name, studentusers.last_name, studentusers.student_id, studentusers.course_code, studentusers.module_codes FROM studentusers WHERE studentusers.uuid = 'ee6ee294-b403-4f69-98af-6984705594ee'
DEBUG:CA3003, CA3004, CA3005, CA3007, CA3009, CA30122021-05-06 15:31:52.923 [Test worker] DEBUG Exposed - UPDATE studentusers SET first_name='John', last_name='Test', student_id='12345678', course_code='CASE3', module_codes='CA3003, CA3004, CA3005, CA3007, CA3009, CA3012' WHERE studentusers.uuid = 'ee6ee294-b403-4f69-98af-6984705594ee'
2021-05-06 15:31:52.952 [Test worker] DEBUG Exposed - SELECT studentusers.uuid, studentusers.first_name, studentusers.last_name, studentusers.student_id, studentusers.course_code, studentusers.module_codes FROM studentusers WHERE studentusers.uuid = 'ee6ee294-b403-4f69-98af-6984705594ee'
2021-05-06 15:31:52.979 [Test worker] DEBUG Exposed - DELETE FROM studentusers WHERE studentusers.uuid = 'ee6ee294-b403-4f69-98af-6984705594ee'
2021-05-06 15:31:53.007 [Test worker] DEBUG Exposed - SELECT studentusers.uuid, studentusers.first_name, studentusers.last_name, studentusers.student_id, studentusers.course_code, studentusers.module_codes FROM studentusers WHERE studentusers.uuid = 'ee6ee294-b403-4f69-98af-6984705594ee'
DEBUG:CA4003, CA4004, CA4005, CA4007, CA4009, CA40122021-05-06 15:31:53.034 [Test worker] DEBUG Exposed - INSERT INTO studentusers (course_code, first_name, last_name, module_codes, student_id, uuid) VALUES ('CASE4', 'John', 'Test', 'CA4003, CA4004, CA4005, CA4007, CA4009, CA4012', '12345678', 'ee6ee294-b403-4f69-98af-6984705594ee')
2021-05-06 15:31:53.061 [Test worker] DEBUG Exposed - SELECT studentusers.uuid, studentusers.first_name, studentusers.last_name, studentusers.student_id, studentusers.course_code, studentusers.module_codes FROM studentusers WHERE studentusers.uuid = 'ee6ee294-b403-4f69-98af-6984705594ee'
2021-05-06 15:31:53.088 [Test worker] DEBUG Exposed - DELETE FROM studentusers WHERE studentusers.uuid = 'ee6ee294-b403-4f69-98af-6984705594ee'
2021-05-06 15:31:53.115 [Test worker] DEBUG Exposed - SELECT studentusers.uuid, studentusers.first_name, studentusers.last_name, studentusers.student_id, studentusers.course_code, studentusers.module_codes FROM studentusers WHERE studentusers.uuid = 'ee6ee294-b403-4f69-98af-6984705594ee'
DEBUG:CA4003, CA4004, CA4005, CA4007, CA4009, CA40122021-05-06 15:31:53.142 [Test worker] DEBUG Exposed - INSERT INTO studentusers (course_code, first_name, last_name, module_codes, student_id, uuid) VALUES ('CASE4', 'John', 'Test', 'CA4003, CA4004, CA4005, CA4007, CA4009, CA4012', '12345678', 'ee6ee294-b403-4f69-98af-6984705594ee')
2021-05-06 15:31:53.170 [Test worker] DEBUG Exposed - SELECT studentusers.uuid, studentusers.first_name, studentusers.last_name, studentusers.student_id, studentusers.course_code, studentusers.module_codes FROM studentusers WHERE studentusers.student_id = '12345678'
2021-05-06 15:31:53.196 [Test worker] DEBUG Exposed - DELETE FROM studentusers WHERE studentusers.uuid = 'ee6ee294-b403-4f69-98af-6984705594ee'
2021-05-06 15:31:53.224 [Test worker] DEBUG Exposed - SELECT studentusers.uuid, studentusers.first_name, studentusers.last_name, studentusers.student_id, studentusers.course_code, studentusers.module_codes FROM studentusers WHERE studentusers.uuid = 'ee6ee294-b403-4f69-98af-6984705594ee'
]]></system-out>
  <system-err><![CDATA[]]></system-err>
</testsuite>
