<?xml version="1.0" encoding="UTF-8"?>
<testsuite name="daoUtilsTest.StudentUserDaoUtilsTest" tests="2" skipped="0" failures="0" errors="0" timestamp="2021-05-06T14:31:54" hostname="DESKTOP-5QF4TQS" time="0.0">
  <properties/>
  <testcase name="testStudentsInModule_NoStudents()" classname="daoUtilsTest.StudentUserDaoUtilsTest" time="0.0"/>
  <testcase name="testStudentsInModule()" classname="daoUtilsTest.StudentUserDaoUtilsTest" time="0.0"/>
  <system-out><![CDATA[]]></system-out>
  <system-err><![CDATA[]]></system-err>
</testsuite>
